<?xml version="1.0" encoding="UTF-8"?>
<!-- Generated by org.testng.reporters.JUnitXMLReporter -->
<testsuite ignored="0" hostname="102416-SEC8-EGalang" failures="0" tests="3" name="Test Guru99 Website Page - Maven + Jenkins + GitHub Integration with Extent Reports" time="43.582" errors="0" timestamp="2023-03-16T14:43:26 PST">
  <testcase classname="com.testcases.SampleTest" name="TC_1" time="0.219"/>
  <testcase classname="com.testcases.SampleTest" name="TC_2" time="0.171"/>
  <testcase classname="com.testcases.SampleTest" name="TC_3" time="0.001"/>
</testsuite> <!-- Test Guru99 Website Page - Maven + Jenkins + GitHub Integration with Extent Reports -->
