<?xml version="1.0" encoding="UTF-8"?>
<testng-results ignored="0" total="3" passed="3" failed="0" skipped="0">
  <reporter-output>
  </reporter-output>
  <suite started-at="2023-03-16T14:42:42 PST" name="Maven + Jenkins + GitHub Integration with Extent Reports - Guru99 Web Test Suite" finished-at="2023-03-16T14:43:26 PST" duration-ms="43582">
    <groups>
    </groups>
    <test started-at="2023-03-16T14:42:42 PST" name="Test Guru99 Website Page - Maven + Jenkins + GitHub Integration with Extent Reports" finished-at="2023-03-16T14:43:26 PST" duration-ms="43582">
      <class name="com.testcases.SampleTest">
        <test-method is-config="true" signature="setup(java.lang.String,java.lang.String)[pri:0, instance:com.testcases.SampleTest@3270d194]" started-at="2023-03-16T14:42:42 PST" name="setup" finished-at="2023-03-16T14:43:23 PST" duration-ms="41136" status="PASS">
          <params>
            <param index="0">
              <value>
                <![CDATA[http://demo.guru99.com/test/guru99home/]]>
              </value>
            </param>
            <param index="1">
              <value>
                <![CDATA[Chrome]]>
              </value>
            </param>
          </params>
          <reporter-output>
          </reporter-output>
        </test-method> <!-- setup -->
        <test-method signature="TC_1(java.lang.String,java.lang.String,java.lang.String)[pri:0, instance:com.testcases.SampleTest@3270d194]" started-at="2023-03-16T14:43:23 PST" name="TC_1" finished-at="2023-03-16T14:43:24 PST" duration-ms="219" status="PASS">
          <params>
            <param index="0">
              <value>
                <![CDATA[Dnice]]>
              </value>
            </param>
            <param index="1">
              <value>
                <![CDATA[Smoke Test]]>
              </value>
            </param>
            <param index="2">
              <value>
                <![CDATA[Chrome]]>
              </value>
            </param>
          </params>
          <reporter-output>
          </reporter-output>
        </test-method> <!-- TC_1 -->
        <test-method signature="TC_2(java.lang.String,java.lang.String,java.lang.String)[pri:0, instance:com.testcases.SampleTest@3270d194]" started-at="2023-03-16T14:43:24 PST" name="TC_2" finished-at="2023-03-16T14:43:24 PST" duration-ms="171" status="PASS">
          <params>
            <param index="0">
              <value>
                <![CDATA[Yuki]]>
              </value>
            </param>
            <param index="1">
              <value>
                <![CDATA[Smoke Test]]>
              </value>
            </param>
            <param index="2">
              <value>
                <![CDATA[Chrome]]>
              </value>
            </param>
          </params>
          <reporter-output>
          </reporter-output>
        </test-method> <!-- TC_2 -->
        <test-method signature="TC_3()[pri:0, instance:com.testcases.SampleTest@3270d194]" started-at="2023-03-16T14:43:24 PST" name="TC_3" finished-at="2023-03-16T14:43:24 PST" duration-ms="1" status="PASS">
          <reporter-output>
          </reporter-output>
        </test-method> <!-- TC_3 -->
        <test-method is-config="true" signature="afterTest()[pri:0, instance:com.testcases.SampleTest@3270d194]" started-at="2023-03-16T14:43:24 PST" name="afterTest" finished-at="2023-03-16T14:43:26 PST" duration-ms="1977" status="PASS">
          <reporter-output>
          </reporter-output>
        </test-method> <!-- afterTest -->
      </class> <!-- com.testcases.SampleTest -->
    </test> <!-- Test Guru99 Website Page - Maven + Jenkins + GitHub Integration with Extent Reports -->
  </suite> <!-- Maven + Jenkins + GitHub Integration with Extent Reports - Guru99 Web Test Suite -->
</testng-results>
